<testsuites id="" name="" tests="38" failures="25" skipped="0" errors="0" time="23.101227">
<testsuite name="critical_flows.spec.js" timestamp="2026-01-31T06:42:25.778Z" hostname="chromium" tests="1" failures="1" skipped="0" time="13.346" errors="0">
<testcase name="Critical User Flows › Complete Authentication and Note Lifecycle" classname="critical_flows.spec.js" time="13.346">
<failure message="critical_flows.spec.js:17:3 Complete Authentication and Note Lifecycle" type="FAILURE">
<![CDATA[  [chromium] › critical_flows.spec.js:17:3 › Critical User Flows › Complete Authentication and Note Lifecycle 

    TimeoutError: locator.click: Timeout 10000ms exceeded.
    Call log:
      - waiting for locator('[placeholder="Take a note..."]').or(locator('[placeholder*="Take a note" i]')).or(locator('button:has-text("New Note")')).first()


      33 |     ).first()
      34 |     
    > 35 |     await noteInput.click()
         |                     ^
      36 |     
      37 |     const titleInput = page.locator('[placeholder="Title"]').or(
      38 |       page.locator('input[placeholder*="title" i]')
        at /home/pozicontrol/projects/glassy-dash/GLASSYDASH/tests/e2e/critical_flows.spec.js:35:21

    attachment #1: screenshot (image/png) ──────────────────────────────────────────────────────────
    ../../test-results/critical_flows-Critical-Us-0badf-tication-and-Note-Lifecycle-chromium/test-failed-1.png
    ────────────────────────────────────────────────────────────────────────────────────────────────

    attachment #2: video (video/webm) ──────────────────────────────────────────────────────────────
    ../../test-results/critical_flows-Critical-Us-0badf-tication-and-Note-Lifecycle-chromium/video.webm
    ────────────────────────────────────────────────────────────────────────────────────────────────

    Error Context: ../../test-results/critical_flows-Critical-Us-0badf-tication-and-Note-Lifecycle-chromium/error-context.md
]]>
</failure>
<system-out>
<![CDATA[
[[ATTACHMENT|critical_flows-Critical-Us-0badf-tication-and-Note-Lifecycle-chromium/test-failed-1.png]]

[[ATTACHMENT|critical_flows-Critical-Us-0badf-tication-and-Note-Lifecycle-chromium/video.webm]]

[[ATTACHMENT|critical_flows-Critical-Us-0badf-tication-and-Note-Lifecycle-chromium/error-context.md]]
]]>
</system-out>
</testcase>
</testsuite>
<testsuite name="documents-updated.spec.js" timestamp="2026-01-31T06:42:25.778Z" hostname="chromium" tests="8" failures="6" skipped="0" time="56.308" errors="0">
<testcase name="Documents Feature (Updated) › should create a new document" classname="documents-updated.spec.js" time="4.413">
</testcase>
<testcase name="Documents Feature (Updated) › should create and edit a document" classname="documents-updated.spec.js" time="3.673">
<failure message="documents-updated.spec.js:53:3 should create and edit a document" type="FAILURE">
<![CDATA[  [chromium] › documents-updated.spec.js:53:3 › Documents Feature (Updated) › should create and edit a document 

    TypeError: page.click(...).nth is not a function

      50 |     
      51 |     // Click first document - use nth(0) instead of :first-child
    > 52 |     await page.click('[data-testid="doc-card"]').nth(0)
         |                                                  ^
      53 |     
      54 |     // Wait for editor to load
      55 |     await expect(page.locator('[data-testid="doc-title-input"]')).toBeVisible({ timeout: 10000 })
        at /home/pozicontrol/projects/glassy-dash/GLASSYDASH/tests/e2e/documents-updated.spec.js:52:50

    attachment #1: screenshot (image/png) ──────────────────────────────────────────────────────────
    ../../test-results/documents-updated-Document-4407d--create-and-edit-a-document-chromium/test-failed-1.png
    ────────────────────────────────────────────────────────────────────────────────────────────────

    attachment #2: video (video/webm) ──────────────────────────────────────────────────────────────
    ../../test-results/documents-updated-Document-4407d--create-and-edit-a-document-chromium/video.webm
    ────────────────────────────────────────────────────────────────────────────────────────────────

    Error Context: ../../test-results/documents-updated-Document-4407d--create-and-edit-a-document-chromium/error-context.md
]]>
</failure>
<system-out>
<![CDATA[
[[ATTACHMENT|documents-updated-Document-4407d--create-and-edit-a-document-chromium/test-failed-1.png]]

[[ATTACHMENT|documents-updated-Document-4407d--create-and-edit-a-document-chromium/video.webm]]

[[ATTACHMENT|documents-updated-Document-4407d--create-and-edit-a-document-chromium/error-context.md]]
]]>
</system-out>
</testcase>
<testcase name="Documents Feature (Updated) › should search documents" classname="documents-updated.spec.js" time="6.37">
<failure message="documents-updated.spec.js:113:3 should search documents" type="FAILURE">
<![CDATA[  [chromium] › documents-updated.spec.js:113:3 › Documents Feature (Updated) › should search documents 

    Error: expect(received).toBe(expected) // Object.is equality

    Expected: 5
    Received: 13

      112 |     // Verify all documents back
      113 |     const allDocs = await page.locator('[data-testid="doc-card"]').count()
    > 114 |     expect(allDocs).toBe(initialCount)
          |                     ^
      115 |   })
      116 |
      117 |   test('should delete document', async ({ page }) => {
        at /home/pozicontrol/projects/glassy-dash/GLASSYDASH/tests/e2e/documents-updated.spec.js:114:21

    attachment #1: screenshot (image/png) ──────────────────────────────────────────────────────────
    ../../test-results/documents-updated-Document-a58be-ted-should-search-documents-chromium/test-failed-1.png
    ────────────────────────────────────────────────────────────────────────────────────────────────

    attachment #2: video (video/webm) ──────────────────────────────────────────────────────────────
    ../../test-results/documents-updated-Document-a58be-ted-should-search-documents-chromium/video.webm
    ────────────────────────────────────────────────────────────────────────────────────────────────

    Error Context: ../../test-results/documents-updated-Document-a58be-ted-should-search-documents-chromium/error-context.md
]]>
</failure>
<system-out>
<![CDATA[
[[ATTACHMENT|documents-updated-Document-a58be-ted-should-search-documents-chromium/test-failed-1.png]]

[[ATTACHMENT|documents-updated-Document-a58be-ted-should-search-documents-chromium/video.webm]]

[[ATTACHMENT|documents-updated-Document-a58be-ted-should-search-documents-chromium/error-context.md]]
]]>
</system-out>
</testcase>
<testcase name="Documents Feature (Updated) › should delete document" classname="documents-updated.spec.js" time="4.034">
<failure message="documents-updated.spec.js:163:3 should delete document" type="FAILURE">
<![CDATA[  [chromium] › documents-updated.spec.js:163:3 › Documents Feature (Updated) › should delete document 

    TypeError: page.hover(...).nth is not a function

      131 |     
      132 |     // Hover over first document
    > 133 |     await page.hover('[data-testid="doc-card"]').nth(0)
          |                                                  ^
      134 |     
      135 |     // Wait for delete button to appear
      136 |     await page.waitForTimeout(100)
        at /home/pozicontrol/projects/glassy-dash/GLASSYDASH/tests/e2e/documents-updated.spec.js:133:50

    attachment #1: screenshot (image/png) ──────────────────────────────────────────────────────────
    ../../test-results/documents-updated-Document-52835-ated-should-delete-document-chromium/test-failed-1.png
    ────────────────────────────────────────────────────────────────────────────────────────────────

    attachment #2: video (video/webm) ──────────────────────────────────────────────────────────────
    ../../test-results/documents-updated-Document-52835-ated-should-delete-document-chromium/video.webm
    ────────────────────────────────────────────────────────────────────────────────────────────────

    Error Context: ../../test-results/documents-updated-Document-52835-ated-should-delete-document-chromium/error-context.md
]]>
</failure>
<system-out>
<![CDATA[
[[ATTACHMENT|documents-updated-Document-52835-ated-should-delete-document-chromium/test-failed-1.png]]

[[ATTACHMENT|documents-updated-Document-52835-ated-should-delete-document-chromium/video.webm]]

[[ATTACHMENT|documents-updated-Document-52835-ated-should-delete-document-chromium/error-context.md]]
]]>
</system-out>
</testcase>
<testcase name="Documents Feature (Updated) › should switch between grid and list view" classname="documents-updated.spec.js" time="13.979">
<failure message="documents-updated.spec.js:218:3 should switch between grid and list view" type="FAILURE">
<![CDATA[  [chromium] › documents-updated.spec.js:218:3 › Documents Feature (Updated) › should switch between grid and list view 

    TimeoutError: page.click: Timeout 10000ms exceeded.
    Call log:
      - waiting for locator('button:has(svg[data-lucide="list"])')


      168 |     
      169 |     // Switch to list view - use LayoutGrid/ListIcon icons since no title attribute
    > 170 |     await page.click('button:has(svg[data-lucide="list"])')
          |                ^
      171 |     await page.waitForTimeout(300)
      172 |     
      173 |     // Verify list view is active (button has bg-indigo-600 class)
        at /home/pozicontrol/projects/glassy-dash/GLASSYDASH/tests/e2e/documents-updated.spec.js:170:16

    attachment #1: screenshot (image/png) ──────────────────────────────────────────────────────────
    ../../test-results/documents-updated-Document-76973--between-grid-and-list-view-chromium/test-failed-1.png
    ────────────────────────────────────────────────────────────────────────────────────────────────

    attachment #2: video (video/webm) ──────────────────────────────────────────────────────────────
    ../../test-results/documents-updated-Document-76973--between-grid-and-list-view-chromium/video.webm
    ────────────────────────────────────────────────────────────────────────────────────────────────

    Error Context: ../../test-results/documents-updated-Document-76973--between-grid-and-list-view-chromium/error-context.md
]]>
</failure>
<system-out>
<![CDATA[
[[ATTACHMENT|documents-updated-Document-76973--between-grid-and-list-view-chromium/test-failed-1.png]]

[[ATTACHMENT|documents-updated-Document-76973--between-grid-and-list-view-chromium/video.webm]]

[[ATTACHMENT|documents-updated-Document-76973--between-grid-and-list-view-chromium/error-context.md]]
]]>
</system-out>
</testcase>
<testcase name="Documents Feature (Updated) › should sort documents" classname="documents-updated.spec.js" time="15.24">
<failure message="documents-updated.spec.js:256:3 should sort documents" type="FAILURE">
<![CDATA[  [chromium] › documents-updated.spec.js:256:3 › Documents Feature (Updated) › should sort documents 

    TimeoutError: page.click: Timeout 10000ms exceeded.
    Call log:
      - waiting for locator('button:has(svg[data-lucide="sort-asc"])')


      204 |     
      205 |     // Click sort button (toggles between Date and Name) - use SortAsc icon
    > 206 |     await page.click('button:has(svg[data-lucide="sort-asc"])')
          |                ^
      207 |     await page.waitForTimeout(300)
      208 |     
      209 |     // Verify sort changed
        at /home/pozicontrol/projects/glassy-dash/GLASSYDASH/tests/e2e/documents-updated.spec.js:206:16

    attachment #1: screenshot (image/png) ──────────────────────────────────────────────────────────
    ../../test-results/documents-updated-Document-bdc4b-dated-should-sort-documents-chromium/test-failed-1.png
    ────────────────────────────────────────────────────────────────────────────────────────────────

    attachment #2: video (video/webm) ──────────────────────────────────────────────────────────────
    ../../test-results/documents-updated-Document-bdc4b-dated-should-sort-documents-chromium/video.webm
    ────────────────────────────────────────────────────────────────────────────────────────────────

    Error Context: ../../test-results/documents-updated-Document-bdc4b-dated-should-sort-documents-chromium/error-context.md
]]>
</failure>
<system-out>
<![CDATA[
[[ATTACHMENT|documents-updated-Document-bdc4b-dated-should-sort-documents-chromium/test-failed-1.png]]

[[ATTACHMENT|documents-updated-Document-bdc4b-dated-should-sort-documents-chromium/video.webm]]

[[ATTACHMENT|documents-updated-Document-bdc4b-dated-should-sort-documents-chromium/error-context.md]]
]]>
</system-out>
</testcase>
<testcase name="Documents Feature (Updated) › should toggle trash view" classname="documents-updated.spec.js" time="4.261">
</testcase>
<testcase name="Documents Feature (Updated) › should pin document" classname="documents-updated.spec.js" time="4.338">
<failure message="documents-updated.spec.js:335:3 should pin document" type="FAILURE">
<![CDATA[  [chromium] › documents-updated.spec.js:335:3 › Documents Feature (Updated) › should pin document ─

    TypeError: page.hover(...).nth is not a function

      254 |     
      255 |     // Hover over first document
    > 256 |     await page.hover('[data-testid="doc-card"]').nth(0)
          |                                                  ^
      257 |     await page.waitForTimeout(100)
      258 |     
      259 |     // Click pin button - use Pin icon since it has title="Pin"
        at /home/pozicontrol/projects/glassy-dash/GLASSYDASH/tests/e2e/documents-updated.spec.js:256:50

    attachment #1: screenshot (image/png) ──────────────────────────────────────────────────────────
    ../../test-results/documents-updated-Document-7edc1-Updated-should-pin-document-chromium/test-failed-1.png
    ────────────────────────────────────────────────────────────────────────────────────────────────

    attachment #2: video (video/webm) ──────────────────────────────────────────────────────────────
    ../../test-results/documents-updated-Document-7edc1-Updated-should-pin-document-chromium/video.webm
    ────────────────────────────────────────────────────────────────────────────────────────────────

    Error Context: ../../test-results/documents-updated-Document-7edc1-Updated-should-pin-document-chromium/error-context.md
]]>
</failure>
<system-out>
<![CDATA[
[[ATTACHMENT|documents-updated-Document-7edc1-Updated-should-pin-document-chromium/test-failed-1.png]]

[[ATTACHMENT|documents-updated-Document-7edc1-Updated-should-pin-document-chromium/video.webm]]

[[ATTACHMENT|documents-updated-Document-7edc1-Updated-should-pin-document-chromium/error-context.md]]
]]>
</system-out>
</testcase>
</testsuite>
<testsuite name="documents.spec.js" timestamp="2026-01-31T06:42:25.778Z" hostname="chromium" tests="2" failures="2" skipped="0" time="21.479" errors="0">
<testcase name="Documents Feature › should create a new folder" classname="documents.spec.js" time="13.44">
<failure message="documents.spec.js:16:3 should create a new folder" type="FAILURE">
<![CDATA[  [chromium] › documents.spec.js:16:3 › Documents Feature › should create a new folder ─────────────

    TimeoutError: locator.click: Timeout 10000ms exceeded.
    Call log:
      - waiting for locator('button:has-text("Create")').or(locator('button[type="submit"]')).first()


      32 |     ).first()
      33 |     
    > 34 |     await createButton.click()
         |                        ^
      35 |
      36 |     // Verify folder appears in sidebar
      37 |     await expect(page.locator('text=Test Folder E2E')).toBeVisible()
        at /home/pozicontrol/projects/glassy-dash/GLASSYDASH/tests/e2e/documents.spec.js:34:24

    attachment #1: screenshot (image/png) ──────────────────────────────────────────────────────────
    ../../test-results/documents-Documents-Feature-should-create-a-new-folder-chromium/test-failed-1.png
    ────────────────────────────────────────────────────────────────────────────────────────────────

    attachment #2: video (video/webm) ──────────────────────────────────────────────────────────────
    ../../test-results/documents-Documents-Feature-should-create-a-new-folder-chromium/video.webm
    ────────────────────────────────────────────────────────────────────────────────────────────────

    Error Context: ../../test-results/documents-Documents-Feature-should-create-a-new-folder-chromium/error-context.md
]]>
</failure>
<system-out>
<![CDATA[
[[ATTACHMENT|documents-Documents-Feature-should-create-a-new-folder-chromium/test-failed-1.png]]

[[ATTACHMENT|documents-Documents-Feature-should-create-a-new-folder-chromium/video.webm]]

[[ATTACHMENT|documents-Documents-Feature-should-create-a-new-folder-chromium/error-context.md]]
]]>
</system-out>
</testcase>
<testcase name="Documents Feature › should create and verify a new document" classname="documents.spec.js" time="8.039">
<failure message="documents.spec.js:35:3 should create and verify a new document" type="FAILURE">
<![CDATA[  [chromium] › documents.spec.js:35:3 › Documents Feature › should create and verify a new document 

    Error: expect(locator).toBeVisible() failed

    Locator: locator('.ProseMirror')
    Expected: visible
    Timeout: 5000ms
    Error: element(s) not found

    Call log:
      - Expect "toBeVisible" with timeout 5000ms
      - waiting for locator('.ProseMirror')


      47 |
      48 |     // Verify editor opens
    > 49 |     await expect(page.locator('.ProseMirror')).toBeVisible()
         |                                                ^
      50 |
      51 |     // Type content
      52 |     await page.locator('.ProseMirror').fill('This is an E2E test document.')
        at /home/pozicontrol/projects/glassy-dash/GLASSYDASH/tests/e2e/documents.spec.js:49:48

    attachment #1: screenshot (image/png) ──────────────────────────────────────────────────────────
    ../../test-results/documents-Documents-Featur-aea15-e-and-verify-a-new-document-chromium/test-failed-1.png
    ────────────────────────────────────────────────────────────────────────────────────────────────

    attachment #2: video (video/webm) ──────────────────────────────────────────────────────────────
    ../../test-results/documents-Documents-Featur-aea15-e-and-verify-a-new-document-chromium/video.webm
    ────────────────────────────────────────────────────────────────────────────────────────────────

    Error Context: ../../test-results/documents-Documents-Featur-aea15-e-and-verify-a-new-document-chromium/error-context.md
]]>
</failure>
<system-out>
<![CDATA[
[[ATTACHMENT|documents-Documents-Featur-aea15-e-and-verify-a-new-document-chromium/test-failed-1.png]]

[[ATTACHMENT|documents-Documents-Featur-aea15-e-and-verify-a-new-document-chromium/video.webm]]

[[ATTACHMENT|documents-Documents-Featur-aea15-e-and-verify-a-new-document-chromium/error-context.md]]
]]>
</system-out>
</testcase>
</testsuite>
<testsuite name="logging.e2e.test.js" timestamp="2026-01-31T06:42:25.778Z" hostname="chromium" tests="8" failures="8" skipped="0" time="78.307" errors="0">
<testcase name="Logging System E2E Tests › should log user login event" classname="logging.e2e.test.js" time="13.105">
<failure message="logging.e2e.test.js:18:3 should log user login event" type="FAILURE">
<![CDATA[  [chromium] › logging.e2e.test.js:18:3 › Logging System E2E Tests › should log user login event ───

    TimeoutError: page.click: Timeout 10000ms exceeded.
    Call log:
      - waiting for locator('button[aria-label*="settings" i], button:has-text("Settings")')


      14 |   test('should log user login event', async ({ page, request }) => {
      15 |     // Trigger a logout
    > 16 |     await page.click('button[aria-label*="settings" i], button:has-text("Settings")')
         |                ^
      17 |     await page.click('button:has-text("Logout")')
      18 |
      19 |     // Check login was logged (via API)
        at /home/pozicontrol/projects/glassy-dash/GLASSYDASH/tests/e2e/logging.e2e.test.js:16:16

    attachment #1: screenshot (image/png) ──────────────────────────────────────────────────────────
    ../../test-results/logging.e2e-Logging-System-ae68e-should-log-user-login-event-chromium/test-failed-1.png
    ────────────────────────────────────────────────────────────────────────────────────────────────

    attachment #2: video (video/webm) ──────────────────────────────────────────────────────────────
    ../../test-results/logging.e2e-Logging-System-ae68e-should-log-user-login-event-chromium/video.webm
    ────────────────────────────────────────────────────────────────────────────────────────────────

    Error Context: ../../test-results/logging.e2e-Logging-System-ae68e-should-log-user-login-event-chromium/error-context.md
]]>
</failure>
<system-out>
<![CDATA[
[[ATTACHMENT|logging.e2e-Logging-System-ae68e-should-log-user-login-event-chromium/test-failed-1.png]]

[[ATTACHMENT|logging.e2e-Logging-System-ae68e-should-log-user-login-event-chromium/video.webm]]

[[ATTACHMENT|logging.e2e-Logging-System-ae68e-should-log-user-login-event-chromium/error-context.md]]
]]>
</system-out>
</testcase>
<testcase name="Logging System E2E Tests › should log note creation" classname="logging.e2e.test.js" time="12.232">
<failure message="logging.e2e.test.js:35:3 should log note creation" type="FAILURE">
<![CDATA[  [chromium] › logging.e2e.test.js:35:3 › Logging System E2E Tests › should log note creation ──────

    TimeoutError: page.click: Timeout 10000ms exceeded.
    Call log:
      - waiting for locator('button:has-text("New Note")')


      30 |   test('should log note creation', async ({ page, request }) => {
      31 |     // Create a new note
    > 32 |     await page.click('button:has-text("New Note")')
         |                ^
      33 |     await page.fill('textarea[placeholder*="Title" i]', 'Test Note for Logging')
      34 |     await page.fill('textarea[placeholder*="Content" i]', 'This is a test note')
      35 |
        at /home/pozicontrol/projects/glassy-dash/GLASSYDASH/tests/e2e/logging.e2e.test.js:32:16

    attachment #1: screenshot (image/png) ──────────────────────────────────────────────────────────
    ../../test-results/logging.e2e-Logging-System-d0a07-ts-should-log-note-creation-chromium/test-failed-1.png
    ────────────────────────────────────────────────────────────────────────────────────────────────

    attachment #2: video (video/webm) ──────────────────────────────────────────────────────────────
    ../../test-results/logging.e2e-Logging-System-d0a07-ts-should-log-note-creation-chromium/video.webm
    ────────────────────────────────────────────────────────────────────────────────────────────────

    Error Context: ../../test-results/logging.e2e-Logging-System-d0a07-ts-should-log-note-creation-chromium/error-context.md
]]>
</failure>
<system-out>
<![CDATA[
[[ATTACHMENT|logging.e2e-Logging-System-d0a07-ts-should-log-note-creation-chromium/test-failed-1.png]]

[[ATTACHMENT|logging.e2e-Logging-System-d0a07-ts-should-log-note-creation-chromium/video.webm]]

[[ATTACHMENT|logging.e2e-Logging-System-d0a07-ts-should-log-note-creation-chromium/error-context.md]]
]]>
</system-out>
</testcase>
<testcase name="Logging System E2E Tests › should handle API errors gracefully" classname="logging.e2e.test.js" time="7.682">
<failure message="logging.e2e.test.js:64:3 should handle API errors gracefully" type="FAILURE">
<![CDATA[  [chromium] › logging.e2e.test.js:64:3 › Logging System E2E Tests › should handle API errors gracefully 

    Error: expect(locator).toBeVisible() failed

    Locator: locator('.fixed.top-4.right-4').filter({ hasText: /error/i }).or(locator('[data-testid="note-card"]').first())
    Expected: visible
    Timeout: 5000ms
    Error: element(s) not found

    Call log:
      - Expect "toBeVisible" with timeout 5000ms
      - waiting for locator('.fixed.top-4.right-4').filter({ hasText: /error/i }).or(locator('[data-testid="note-card"]').first())


      69 |
      70 |     // Either error toast appears or cached notes are shown
    > 71 |     await expect(errorToast.or(page.locator('[data-testid="note-card"]').first())).toBeVisible()
         |                                                                                    ^
      72 |   })
      73 |
      74 |   test('should persist logs on network failure', async ({ page }) => {
        at /home/pozicontrol/projects/glassy-dash/GLASSYDASH/tests/e2e/logging.e2e.test.js:71:84

    attachment #1: screenshot (image/png) ──────────────────────────────────────────────────────────
    ../../test-results/logging.e2e-Logging-System-ec534-andle-API-errors-gracefully-chromium/test-failed-1.png
    ────────────────────────────────────────────────────────────────────────────────────────────────

    attachment #2: video (video/webm) ──────────────────────────────────────────────────────────────
    ../../test-results/logging.e2e-Logging-System-ec534-andle-API-errors-gracefully-chromium/video.webm
    ────────────────────────────────────────────────────────────────────────────────────────────────

    Error Context: ../../test-results/logging.e2e-Logging-System-ec534-andle-API-errors-gracefully-chromium/error-context.md
]]>
</failure>
<system-out>
<![CDATA[
[[ATTACHMENT|logging.e2e-Logging-System-ec534-andle-API-errors-gracefully-chromium/test-failed-1.png]]

[[ATTACHMENT|logging.e2e-Logging-System-ec534-andle-API-errors-gracefully-chromium/video.webm]]

[[ATTACHMENT|logging.e2e-Logging-System-ec534-andle-API-errors-gracefully-chromium/error-context.md]]
]]>
</system-out>
</testcase>
<testcase name="Logging System E2E Tests › should persist logs on network failure" classname="logging.e2e.test.js" time="12.907">
<failure message="logging.e2e.test.js:81:3 should persist logs on network failure" type="FAILURE">
<![CDATA[  [chromium] › logging.e2e.test.js:81:3 › Logging System E2E Tests › should persist logs on network failure 

    TimeoutError: page.click: Timeout 10000ms exceeded.
    Call log:
      - waiting for locator('button:has-text("New Note")')


      77 |
      78 |     // Try to perform an action
    > 79 |     await page.click('button:has-text("New Note")')
         |                ^
      80 |
      81 |     // Check that pending logs are stored in localStorage
      82 |     const pendingLogs = await page.evaluate(() => {
        at /home/pozicontrol/projects/glassy-dash/GLASSYDASH/tests/e2e/logging.e2e.test.js:79:16

    attachment #1: screenshot (image/png) ──────────────────────────────────────────────────────────
    ../../test-results/logging.e2e-Logging-System-88244-ist-logs-on-network-failure-chromium/test-failed-1.png
    ────────────────────────────────────────────────────────────────────────────────────────────────

    attachment #2: video (video/webm) ──────────────────────────────────────────────────────────────
    ../../test-results/logging.e2e-Logging-System-88244-ist-logs-on-network-failure-chromium/video.webm
    ────────────────────────────────────────────────────────────────────────────────────────────────

    Error Context: ../../test-results/logging.e2e-Logging-System-88244-ist-logs-on-network-failure-chromium/error-context.md
]]>
</failure>
<system-out>
<![CDATA[
[[ATTACHMENT|logging.e2e-Logging-System-88244-ist-logs-on-network-failure-chromium/test-failed-1.png]]

[[ATTACHMENT|logging.e2e-Logging-System-88244-ist-logs-on-network-failure-chromium/video.webm]]

[[ATTACHMENT|logging.e2e-Logging-System-88244-ist-logs-on-network-failure-chromium/error-context.md]]
]]>
</system-out>
</testcase>
<testcase name="Logging System E2E Tests › should generate unique request IDs" classname="logging.e2e.test.js" time="12.659">
<failure message="logging.e2e.test.js:98:3 should generate unique request IDs" type="FAILURE">
<![CDATA[  [chromium] › logging.e2e.test.js:98:3 › Logging System E2E Tests › should generate unique request IDs 

    TimeoutError: page.click: Timeout 10000ms exceeded.
    Call log:
      - waiting for locator('button:has-text("New Note")')


      90 |   test('should generate unique request IDs', async ({ page, request }) => {
      91 |     // Perform multiple actions
    > 92 |     await page.click('button:has-text("New Note")')
         |                ^
      93 |     await page.fill('textarea[placeholder*="Title" i]', 'Note 1')
      94 |
      95 |     await page.click('button:has-text("New Note")')
        at /home/pozicontrol/projects/glassy-dash/GLASSYDASH/tests/e2e/logging.e2e.test.js:92:16

    attachment #1: screenshot (image/png) ──────────────────────────────────────────────────────────
    ../../test-results/logging.e2e-Logging-System-9fe3a-generate-unique-request-IDs-chromium/test-failed-1.png
    ────────────────────────────────────────────────────────────────────────────────────────────────

    attachment #2: video (video/webm) ──────────────────────────────────────────────────────────────
    ../../test-results/logging.e2e-Logging-System-9fe3a-generate-unique-request-IDs-chromium/video.webm
    ────────────────────────────────────────────────────────────────────────────────────────────────

    Error Context: ../../test-results/logging.e2e-Logging-System-9fe3a-generate-unique-request-IDs-chromium/error-context.md
]]>
</failure>
<system-out>
<![CDATA[
[[ATTACHMENT|logging.e2e-Logging-System-9fe3a-generate-unique-request-IDs-chromium/test-failed-1.png]]

[[ATTACHMENT|logging.e2e-Logging-System-9fe3a-generate-unique-request-IDs-chromium/video.webm]]

[[ATTACHMENT|logging.e2e-Logging-System-9fe3a-generate-unique-request-IDs-chromium/error-context.md]]
]]>
</system-out>
</testcase>
<testcase name="Logging System E2E Tests › should log logout events" classname="logging.e2e.test.js" time="13.591">
<failure message="logging.e2e.test.js:129:3 should log logout events" type="FAILURE">
<![CDATA[  [chromium] › logging.e2e.test.js:129:3 › Logging System E2E Tests › should log logout events ─────

    TimeoutError: page.click: Timeout 10000ms exceeded.
    Call log:
      - waiting for locator('button[aria-label*="settings" i], button:has-text("Settings")')


      120 |   test('should log logout events', async ({ page, request }) => {
      121 |     // Logout
    > 122 |     await page.click('button[aria-label*="settings" i], button:has-text("Settings")')
          |                ^
      123 |     await page.click('button:has-text("Logout")')
      124 |
      125 |     await page.waitForURL('/#/login')
        at /home/pozicontrol/projects/glassy-dash/GLASSYDASH/tests/e2e/logging.e2e.test.js:122:16

    attachment #1: screenshot (image/png) ──────────────────────────────────────────────────────────
    ../../test-results/logging.e2e-Logging-System-e93d1-ts-should-log-logout-events-chromium/test-failed-1.png
    ────────────────────────────────────────────────────────────────────────────────────────────────

    attachment #2: video (video/webm) ──────────────────────────────────────────────────────────────
    ../../test-results/logging.e2e-Logging-System-e93d1-ts-should-log-logout-events-chromium/video.webm
    ────────────────────────────────────────────────────────────────────────────────────────────────

    Error Context: ../../test-results/logging.e2e-Logging-System-e93d1-ts-should-log-logout-events-chromium/error-context.md
]]>
</failure>
<system-out>
<![CDATA[
[[ATTACHMENT|logging.e2e-Logging-System-e93d1-ts-should-log-logout-events-chromium/test-failed-1.png]]

[[ATTACHMENT|logging.e2e-Logging-System-e93d1-ts-should-log-logout-events-chromium/video.webm]]

[[ATTACHMENT|logging.e2e-Logging-System-e93d1-ts-should-log-logout-events-chromium/error-context.md]]
]]>
</system-out>
</testcase>
<testcase name="Logging System E2E Tests › should export logs as CSV" classname="logging.e2e.test.js" time="2.611">
<failure message="logging.e2e.test.js:147:3 should export logs as CSV" type="FAILURE">
<![CDATA[  [chromium] › logging.e2e.test.js:147:3 › Logging System E2E Tests › should export logs as CSV ────

    Error: expect(received).toBe(expected) // Object.is equality

    Expected: 200
    Received: 401

      149 |     })
      150 |
    > 151 |     expect(response.status()).toBe(200)
          |                               ^
      152 |     expect(response.headers()['content-type']).toContain('text/csv')
      153 |
      154 |     const csv = await response.text()
        at /home/pozicontrol/projects/glassy-dash/GLASSYDASH/tests/e2e/logging.e2e.test.js:151:31

    attachment #1: screenshot (image/png) ──────────────────────────────────────────────────────────
    ../../test-results/logging.e2e-Logging-System-f540d-s-should-export-logs-as-CSV-chromium/test-failed-1.png
    ────────────────────────────────────────────────────────────────────────────────────────────────

    attachment #2: video (video/webm) ──────────────────────────────────────────────────────────────
    ../../test-results/logging.e2e-Logging-System-f540d-s-should-export-logs-as-CSV-chromium/video.webm
    ────────────────────────────────────────────────────────────────────────────────────────────────

    Error Context: ../../test-results/logging.e2e-Logging-System-f540d-s-should-export-logs-as-CSV-chromium/error-context.md
]]>
</failure>
<system-out>
<![CDATA[
[[ATTACHMENT|logging.e2e-Logging-System-f540d-s-should-export-logs-as-CSV-chromium/test-failed-1.png]]

[[ATTACHMENT|logging.e2e-Logging-System-f540d-s-should-export-logs-as-CSV-chromium/video.webm]]

[[ATTACHMENT|logging.e2e-Logging-System-f540d-s-should-export-logs-as-CSV-chromium/error-context.md]]
]]>
</system-out>
</testcase>
<testcase name="Logging System E2E Tests › should provide log statistics" classname="logging.e2e.test.js" time="3.52">
<failure message="logging.e2e.test.js:167:3 should provide log statistics" type="FAILURE">
<![CDATA[  [chromium] › logging.e2e.test.js:167:3 › Logging System E2E Tests › should provide log statistics 

    Error: expect(received).toBe(expected) // Object.is equality

    Expected: 200
    Received: 401

      163 |     })
      164 |
    > 165 |     expect(response.status()).toBe(200)
          |                               ^
      166 |
      167 |     const stats = await response.json()
      168 |     expect(stats).toHaveProperty('levels')
        at /home/pozicontrol/projects/glassy-dash/GLASSYDASH/tests/e2e/logging.e2e.test.js:165:31

    attachment #1: screenshot (image/png) ──────────────────────────────────────────────────────────
    ../../test-results/logging.e2e-Logging-System-854a9-ould-provide-log-statistics-chromium/test-failed-1.png
    ────────────────────────────────────────────────────────────────────────────────────────────────

    attachment #2: video (video/webm) ──────────────────────────────────────────────────────────────
    ../../test-results/logging.e2e-Logging-System-854a9-ould-provide-log-statistics-chromium/video.webm
    ────────────────────────────────────────────────────────────────────────────────────────────────

    Error Context: ../../test-results/logging.e2e-Logging-System-854a9-ould-provide-log-statistics-chromium/error-context.md
]]>
</failure>
<system-out>
<![CDATA[
[[ATTACHMENT|logging.e2e-Logging-System-854a9-ould-provide-log-statistics-chromium/test-failed-1.png]]

[[ATTACHMENT|logging.e2e-Logging-System-854a9-ould-provide-log-statistics-chromium/video.webm]]

[[ATTACHMENT|logging.e2e-Logging-System-854a9-ould-provide-log-statistics-chromium/error-context.md]]
]]>
</system-out>
</testcase>
</testsuite>
<testsuite name="voice-studio-a11y.test.js" timestamp="2026-01-31T06:42:25.778Z" hostname="chromium" tests="17" failures="7" skipped="0" time="73.507" errors="0">
<testcase name="Voice Studio Accessibility › Keyboard Navigation › should be fully navigable with keyboard" classname="voice-studio-a11y.test.js" time="2.424">
</testcase>
<testcase name="Voice Studio Accessibility › Keyboard Navigation › should support Space to start recording" classname="voice-studio-a11y.test.js" time="7.343">
<failure message="voice-studio-a11y.test.js:37:5 should support Space to start recording" type="FAILURE">
<![CDATA[  [chromium] › voice-studio-a11y.test.js:37:5 › Voice Studio Accessibility › Keyboard Navigation › should support Space to start recording 

    Error: expect(locator).toBeVisible() failed

    Locator: locator('.animate-pulse.bg-red-500')
    Expected: visible
    Timeout: 5000ms
    Error: element(s) not found

    Call log:
      - Expect "toBeVisible" with timeout 5000ms
      - waiting for locator('.animate-pulse.bg-red-500')


      35 |       // Check if recording started (visual indicator)
      36 |       const recordingIndicator = page.locator('.animate-pulse.bg-red-500')
    > 37 |       await expect(recordingIndicator).toBeVisible()
         |                                        ^
      38 |     })
      39 |
      40 |     test('should support Escape to stop recording', async ({ page }) => {
        at /home/pozicontrol/projects/glassy-dash/GLASSYDASH/tests/e2e/voice-studio-a11y.test.js:37:40

    attachment #1: screenshot (image/png) ──────────────────────────────────────────────────────────
    ../../test-results/voice-studio-a11y-Voice-St-8e979-rt-Space-to-start-recording-chromium/test-failed-1.png
    ────────────────────────────────────────────────────────────────────────────────────────────────

    attachment #2: video (video/webm) ──────────────────────────────────────────────────────────────
    ../../test-results/voice-studio-a11y-Voice-St-8e979-rt-Space-to-start-recording-chromium/video.webm
    ────────────────────────────────────────────────────────────────────────────────────────────────

    Error Context: ../../test-results/voice-studio-a11y-Voice-St-8e979-rt-Space-to-start-recording-chromium/error-context.md
]]>
</failure>
<system-out>
<![CDATA[
[[ATTACHMENT|voice-studio-a11y-Voice-St-8e979-rt-Space-to-start-recording-chromium/test-failed-1.png]]

[[ATTACHMENT|voice-studio-a11y-Voice-St-8e979-rt-Space-to-start-recording-chromium/video.webm]]

[[ATTACHMENT|voice-studio-a11y-Voice-St-8e979-rt-Space-to-start-recording-chromium/error-context.md]]
]]>
</system-out>
</testcase>
<testcase name="Voice Studio Accessibility › Keyboard Navigation › should support Escape to stop recording" classname="voice-studio-a11y.test.js" time="2.462">
</testcase>
<testcase name="Voice Studio Accessibility › Keyboard Navigation › should support keyboard shortcuts for undo/redo" classname="voice-studio-a11y.test.js" time="11.951">
<failure message="voice-studio-a11y.test.js:60:5 should support keyboard shortcuts for undo/redo" type="FAILURE">
<![CDATA[  [chromium] › voice-studio-a11y.test.js:60:5 › Voice Studio Accessibility › Keyboard Navigation › should support keyboard shortcuts for undo/redo 

    TimeoutError: locator.click: Timeout 10000ms exceeded.
    Call log:
      - waiting for locator('textarea[placeholder*="Transcript"]')


      54 |       // Focus transcript area
      55 |       const textarea = page.locator('textarea[placeholder*="Transcript"]')
    > 56 |       await textarea.click()
         |                      ^
      57 |
      58 |       // Type some text
      59 |       await page.keyboard.type('Test content')
        at /home/pozicontrol/projects/glassy-dash/GLASSYDASH/tests/e2e/voice-studio-a11y.test.js:56:22

    attachment #1: screenshot (image/png) ──────────────────────────────────────────────────────────
    ../../test-results/voice-studio-a11y-Voice-St-b31e5-ard-shortcuts-for-undo-redo-chromium/test-failed-1.png
    ────────────────────────────────────────────────────────────────────────────────────────────────

    attachment #2: video (video/webm) ──────────────────────────────────────────────────────────────
    ../../test-results/voice-studio-a11y-Voice-St-b31e5-ard-shortcuts-for-undo-redo-chromium/video.webm
    ────────────────────────────────────────────────────────────────────────────────────────────────

    Error Context: ../../test-results/voice-studio-a11y-Voice-St-b31e5-ard-shortcuts-for-undo-redo-chromium/error-context.md
]]>
</failure>
<system-out>
<![CDATA[
[[ATTACHMENT|voice-studio-a11y-Voice-St-b31e5-ard-shortcuts-for-undo-redo-chromium/test-failed-1.png]]

[[ATTACHMENT|voice-studio-a11y-Voice-St-b31e5-ard-shortcuts-for-undo-redo-chromium/video.webm]]

[[ATTACHMENT|voice-studio-a11y-Voice-St-b31e5-ard-shortcuts-for-undo-redo-chromium/error-context.md]]
]]>
</system-out>
</testcase>
<testcase name="Voice Studio Accessibility › Screen Reader Support › should have proper ARIA labels" classname="voice-studio-a11y.test.js" time="7.37">
<failure message="voice-studio-a11y.test.js:82:5 should have proper ARIA labels" type="FAILURE">
<![CDATA[  [chromium] › voice-studio-a11y.test.js:82:5 › Voice Studio Accessibility › Screen Reader Support › should have proper ARIA labels 

    Error: expect(locator).toHaveAttribute() failed

    Locator: locator('button[title*="Start Recording"]')
    Expected: have attribute
    Timeout: 5000ms
    Error: element(s) not found

    Call log:
      - Expect "toHaveAttribute" with timeout 5000ms
      - waiting for locator('button[title*="Start Recording"]')


      75 |       // Check for ARIA labels on important elements
      76 |       const recordButton = page.locator('button[title*="Start Recording"]')
    > 77 |       await expect(recordButton).toHaveAttribute('aria-label')
         |                                  ^
      78 |
      79 |       const stopButton = page.locator('button:has(svg.lucide-square)')
      80 |       await expect(stopButton).toHaveAttribute('aria-label')
        at /home/pozicontrol/projects/glassy-dash/GLASSYDASH/tests/e2e/voice-studio-a11y.test.js:77:34

    attachment #1: screenshot (image/png) ──────────────────────────────────────────────────────────
    ../../test-results/voice-studio-a11y-Voice-St-b6476-uld-have-proper-ARIA-labels-chromium/test-failed-1.png
    ────────────────────────────────────────────────────────────────────────────────────────────────

    attachment #2: video (video/webm) ──────────────────────────────────────────────────────────────
    ../../test-results/voice-studio-a11y-Voice-St-b6476-uld-have-proper-ARIA-labels-chromium/video.webm
    ────────────────────────────────────────────────────────────────────────────────────────────────

    Error Context: ../../test-results/voice-studio-a11y-Voice-St-b6476-uld-have-proper-ARIA-labels-chromium/error-context.md
]]>
</failure>
<system-out>
<![CDATA[
[[ATTACHMENT|voice-studio-a11y-Voice-St-b6476-uld-have-proper-ARIA-labels-chromium/test-failed-1.png]]

[[ATTACHMENT|voice-studio-a11y-Voice-St-b6476-uld-have-proper-ARIA-labels-chromium/video.webm]]

[[ATTACHMENT|voice-studio-a11y-Voice-St-b6476-uld-have-proper-ARIA-labels-chromium/error-context.md]]
]]>
</system-out>
</testcase>
<testcase name="Voice Studio Accessibility › Screen Reader Support › should announce recording state changes" classname="voice-studio-a11y.test.js" time="7.25">
<failure message="voice-studio-a11y.test.js:93:5 should announce recording state changes" type="FAILURE">
<![CDATA[  [chromium] › voice-studio-a11y.test.js:93:5 › Voice Studio Accessibility › Screen Reader Support › should announce recording state changes 

    Error: expect(locator).toBeVisible() failed

    Locator: locator('.animate-pulse.bg-red-500')
    Expected: visible
    Timeout: 5000ms
    Error: element(s) not found

    Call log:
      - Expect "toBeVisible" with timeout 5000ms
      - waiting for locator('.animate-pulse.bg-red-500')


      94 |       // Should have live region or visible status indicator
      95 |       const statusIndicator = page.locator('.animate-pulse.bg-red-500')
    > 96 |       await expect(statusIndicator).toBeVisible()
         |                                     ^
      97 |     })
      98 |
      99 |     test('should announce errors to screen readers', async ({ page }) => {
        at /home/pozicontrol/projects/glassy-dash/GLASSYDASH/tests/e2e/voice-studio-a11y.test.js:96:37

    attachment #1: screenshot (image/png) ──────────────────────────────────────────────────────────
    ../../test-results/voice-studio-a11y-Voice-St-8631a-nce-recording-state-changes-chromium/test-failed-1.png
    ────────────────────────────────────────────────────────────────────────────────────────────────

    attachment #2: video (video/webm) ──────────────────────────────────────────────────────────────
    ../../test-results/voice-studio-a11y-Voice-St-8631a-nce-recording-state-changes-chromium/video.webm
    ────────────────────────────────────────────────────────────────────────────────────────────────

    Error Context: ../../test-results/voice-studio-a11y-Voice-St-8631a-nce-recording-state-changes-chromium/error-context.md
]]>
</failure>
<system-out>
<![CDATA[
[[ATTACHMENT|voice-studio-a11y-Voice-St-8631a-nce-recording-state-changes-chromium/test-failed-1.png]]

[[ATTACHMENT|voice-studio-a11y-Voice-St-8631a-nce-recording-state-changes-chromium/video.webm]]

[[ATTACHMENT|voice-studio-a11y-Voice-St-8631a-nce-recording-state-changes-chromium/error-context.md]]
]]>
</system-out>
</testcase>
<testcase name="Voice Studio Accessibility › Screen Reader Support › should announce errors to screen readers" classname="voice-studio-a11y.test.js" time="1.921">
</testcase>
<testcase name="Voice Studio Accessibility › Color Contrast › should have sufficient color contrast" classname="voice-studio-a11y.test.js" time="2.772">
</testcase>
<testcase name="Voice Studio Accessibility › Color Contrast › should have focus indicators" classname="voice-studio-a11y.test.js" time="2.23">
</testcase>
<testcase name="Voice Studio Accessibility › Visual Design › should have minimum font size" classname="voice-studio-a11y.test.js" time="2.718">
</testcase>
<testcase name="Voice Studio Accessibility › Visual Design › should have clickable touch targets" classname="voice-studio-a11y.test.js" time="2.549">
<failure message="voice-studio-a11y.test.js:172:5 should have clickable touch targets" type="FAILURE">
<![CDATA[  [chromium] › voice-studio-a11y.test.js:172:5 › Voice Studio Accessibility › Visual Design › should have clickable touch targets 

    Error: expect(received).toBeGreaterThanOrEqual(expected)

    Expected: >= 40
    Received:    24

      177 |
      178 |         // WCAG 2.5.5 requires at least 44x44 pixels for touch targets
    > 179 |         expect(size).toBeGreaterThanOrEqual(40)
          |                      ^
      180 |       }
      181 |     })
      182 |   })
        at /home/pozicontrol/projects/glassy-dash/GLASSYDASH/tests/e2e/voice-studio-a11y.test.js:179:22

    attachment #1: screenshot (image/png) ──────────────────────────────────────────────────────────
    ../../test-results/voice-studio-a11y-Voice-St-72770-ave-clickable-touch-targets-chromium/test-failed-1.png
    ────────────────────────────────────────────────────────────────────────────────────────────────

    attachment #2: video (video/webm) ──────────────────────────────────────────────────────────────
    ../../test-results/voice-studio-a11y-Voice-St-72770-ave-clickable-touch-targets-chromium/video.webm
    ────────────────────────────────────────────────────────────────────────────────────────────────

    Error Context: ../../test-results/voice-studio-a11y-Voice-St-72770-ave-clickable-touch-targets-chromium/error-context.md
]]>
</failure>
<system-out>
<![CDATA[
[[ATTACHMENT|voice-studio-a11y-Voice-St-72770-ave-clickable-touch-targets-chromium/test-failed-1.png]]

[[ATTACHMENT|voice-studio-a11y-Voice-St-72770-ave-clickable-touch-targets-chromium/video.webm]]

[[ATTACHMENT|voice-studio-a11y-Voice-St-72770-ave-clickable-touch-targets-chromium/error-context.md]]
]]>
</system-out>
</testcase>
<testcase name="Voice Studio Accessibility › Semantics › should use semantic HTML elements" classname="voice-studio-a11y.test.js" time="6.754">
<failure message="voice-studio-a11y.test.js:190:5 should use semantic HTML elements" type="FAILURE">
<![CDATA[  [chromium] › voice-studio-a11y.test.js:190:5 › Voice Studio Accessibility › Semantics › should use semantic HTML elements 

    Error: expect(locator).toHaveCount(expected) failed

    Locator:  locator('h1, h2, h3')
    Expected: 0
    Received: 2
    Timeout:  5000ms

    Call log:
      - Expect "toHaveCount" with timeout 5000ms
      - waiting for locator('h1, h2, h3')
        9 × locator resolved to 2 elements
          - unexpected value "2"


      186 |       // Check for proper heading hierarchy
      187 |       const headings = page.locator('h1, h2, h3')
    > 188 |       await expect(headings).toHaveCount(0) // This view uses aria-hidden headings
          |                              ^
      189 |
      190 |       // Check for proper form elements
      191 |       const textareas = page.locator('textarea')
        at /home/pozicontrol/projects/glassy-dash/GLASSYDASH/tests/e2e/voice-studio-a11y.test.js:188:30

    attachment #1: screenshot (image/png) ──────────────────────────────────────────────────────────
    ../../test-results/voice-studio-a11y-Voice-St-3a1a7--use-semantic-HTML-elements-chromium/test-failed-1.png
    ────────────────────────────────────────────────────────────────────────────────────────────────

    attachment #2: video (video/webm) ──────────────────────────────────────────────────────────────
    ../../test-results/voice-studio-a11y-Voice-St-3a1a7--use-semantic-HTML-elements-chromium/video.webm
    ────────────────────────────────────────────────────────────────────────────────────────────────

    Error Context: ../../test-results/voice-studio-a11y-Voice-St-3a1a7--use-semantic-HTML-elements-chromium/error-context.md
]]>
</failure>
<system-out>
<![CDATA[
[[ATTACHMENT|voice-studio-a11y-Voice-St-3a1a7--use-semantic-HTML-elements-chromium/test-failed-1.png]]

[[ATTACHMENT|voice-studio-a11y-Voice-St-3a1a7--use-semantic-HTML-elements-chromium/video.webm]]

[[ATTACHMENT|voice-studio-a11y-Voice-St-3a1a7--use-semantic-HTML-elements-chromium/error-context.md]]
]]>
</system-out>
</testcase>
<testcase name="Voice Studio Accessibility › Semantics › should have proper form labels" classname="voice-studio-a11y.test.js" time="6.978">
<failure message="voice-studio-a11y.test.js:206:5 should have proper form labels" type="FAILURE">
<![CDATA[  [chromium] › voice-studio-a11y.test.js:206:5 › Voice Studio Accessibility › Semantics › should have proper form labels 

    Error: expect(locator).toBeVisible() failed

    Locator: locator('textarea[placeholder*="Transcript"]')
    Expected: visible
    Timeout: 5000ms
    Error: element(s) not found

    Call log:
      - Expect "toBeVisible" with timeout 5000ms
      - waiting for locator('textarea[placeholder*="Transcript"]')


      201 |       // Check that form inputs have associated labels
      202 |       const textarea = page.locator('textarea[placeholder*="Transcript"]')
    > 203 |       await expect(textarea).toBeVisible()
          |                              ^
      204 |
      205 |       // The placeholder serves as accessible label in this case
      206 |       const placeholder = await textarea.getAttribute('placeholder')
        at /home/pozicontrol/projects/glassy-dash/GLASSYDASH/tests/e2e/voice-studio-a11y.test.js:203:30

    attachment #1: screenshot (image/png) ──────────────────────────────────────────────────────────
    ../../test-results/voice-studio-a11y-Voice-St-84a00-uld-have-proper-form-labels-chromium/test-failed-1.png
    ────────────────────────────────────────────────────────────────────────────────────────────────

    attachment #2: video (video/webm) ──────────────────────────────────────────────────────────────
    ../../test-results/voice-studio-a11y-Voice-St-84a00-uld-have-proper-form-labels-chromium/video.webm
    ────────────────────────────────────────────────────────────────────────────────────────────────

    Error Context: ../../test-results/voice-studio-a11y-Voice-St-84a00-uld-have-proper-form-labels-chromium/error-context.md
]]>
</failure>
<system-out>
<![CDATA[
[[ATTACHMENT|voice-studio-a11y-Voice-St-84a00-uld-have-proper-form-labels-chromium/test-failed-1.png]]

[[ATTACHMENT|voice-studio-a11y-Voice-St-84a00-uld-have-proper-form-labels-chromium/video.webm]]

[[ATTACHMENT|voice-studio-a11y-Voice-St-84a00-uld-have-proper-form-labels-chromium/error-context.md]]
]]>
</system-out>
</testcase>
<testcase name="Voice Studio Accessibility › Motion and Animation › should respect prefers-reduced-motion" classname="voice-studio-a11y.test.js" time="2.679">
</testcase>
<testcase name="Voice Studio Accessibility › Motion and Animation › should not have excessive animations" classname="voice-studio-a11y.test.js" time="2.19">
</testcase>
<testcase name="Voice Studio Accessibility › Error Handling › should display errors in accessible format" classname="voice-studio-a11y.test.js" time="1.771">
</testcase>
<testcase name="Voice Studio Accessibility › Error Handling › should provide recovery actions" classname="voice-studio-a11y.test.js" time="2.145">
</testcase>
</testsuite>
<testsuite name="voice-studio.spec.js" timestamp="2026-01-31T06:42:25.778Z" hostname="chromium" tests="2" failures="1" skipped="0" time="4.078" errors="0">
<testcase name="Voice Studio Feature › should show microphone permission error if not granted" classname="voice-studio.spec.js" time="2.133">
</testcase>
<testcase name="Voice Studio Feature › should toggle audio editor when viewing a recording" classname="voice-studio.spec.js" time="1.945">
<failure message="voice-studio.spec.js:37:3 should toggle audio editor when viewing a recording" type="FAILURE">
<![CDATA[  [chromium] › voice-studio.spec.js:37:3 › Voice Studio Feature › should toggle audio editor when viewing a recording 

    Error: expect(locator).toBeVisible() failed

    Locator: locator('text=Voice Recorder').or(locator('button:has(svg.lucide-mic)').or(locator('button:has(svg[data-lucide="mic"])')).first())
    Expected: visible
    Error: strict mode violation: locator('text=Voice Recorder').or(locator('button:has(svg.lucide-mic)').or(locator('button:has(svg[data-lucide="mic"])')).first()) resolved to 2 elements:
        1) <button title="Voice Studio" class="w-full flex items-center gap-3 px-3 py-2.5 rounded-xl transition-all duration-200 group relative overflow-hidden↵        bg-[var(--color-accent)]/15 text-white border border-[var(--color-accent)]/30 shadow-[0_0_20px_var(--color-accent-glow)]↵      ">…</button> aka getByRole('button', { name: 'Voice Studio' })
        2) <span class="font-semibold">Voice Recorder</span> aka getByRole('button', { name: 'Voice Recorder' })

    Call log:
      - Expect "toBeVisible" with timeout 5000ms
      - waiting for locator('text=Voice Recorder').or(locator('button:has(svg.lucide-mic)').or(locator('button:has(svg[data-lucide="mic"])')).first())


      45 |     )
      46 |     
    > 47 |     await expect(voiceRecorder).toBeVisible()
         |                                 ^
      48 |
      49 |     // Check if controls are present - mic icon
      50 |     const micIcon = page.locator('button:has(svg.lucide-mic)').or(
        at /home/pozicontrol/projects/glassy-dash/GLASSYDASH/tests/e2e/voice-studio.spec.js:47:33

    attachment #1: screenshot (image/png) ──────────────────────────────────────────────────────────
    ../../test-results/voice-studio-Voice-Studio--b57d8-or-when-viewing-a-recording-chromium/test-failed-1.png
    ────────────────────────────────────────────────────────────────────────────────────────────────

    attachment #2: video (video/webm) ──────────────────────────────────────────────────────────────
    ../../test-results/voice-studio-Voice-Studio--b57d8-or-when-viewing-a-recording-chromium/video.webm
    ────────────────────────────────────────────────────────────────────────────────────────────────

    Error Context: ../../test-results/voice-studio-Voice-Studio--b57d8-or-when-viewing-a-recording-chromium/error-context.md
]]>
</failure>
<system-out>
<![CDATA[
[[ATTACHMENT|voice-studio-Voice-Studio--b57d8-or-when-viewing-a-recording-chromium/test-failed-1.png]]

[[ATTACHMENT|voice-studio-Voice-Studio--b57d8-or-when-viewing-a-recording-chromium/video.webm]]

[[ATTACHMENT|voice-studio-Voice-Studio--b57d8-or-when-viewing-a-recording-chromium/error-context.md]]
]]>
</system-out>
</testcase>
</testsuite>
</testsuites>